2021-04-17 15:38:25,076 INFO Starting Tornado server on port 5555 force_https True
2021-04-17 15:38:38,805 INFO Starting Tornado server on port 5555 force_https False
2021-04-17 15:49:20,728 INFO Starting Tornado server on port 5555 force_https False
2021-04-17 18:39:12,697 INFO Starting Tornado server on port 5555 force_https False
2021-04-17 18:39:45,178 INFO Starting Tornado server on port 5555 force_https False
2021-04-18 14:51:29,781 INFO Starting Tornado server on port 5555 force_https False
2021-04-18 14:55:42,428 INFO Starting Tornado server on port 5555 force_https False
2021-04-18 14:56:42,846 INFO Starting Tornado server on port 3306 force_https False
2021-04-18 15:00:47,790 INFO Starting Tornado server on port 5555 force_https False
2021-04-18 15:00:57,365 INFO Starting Tornado server on port 5555 force_https False
2021-04-18 15:02:16,551 INFO Starting Tornado server on port 5555 force_https False
2021-04-18 15:08:49,833 INFO Starting Tornado server on port 5555 force_https False
2021-04-18 15:10:02,672 INFO Starting Tornado server on port 3306 force_https False
2021-04-18 15:10:24,758 INFO Starting Tornado server on port 3306 force_https False
2021-04-18 15:10:32,147 INFO Starting Tornado server on port 3306 force_https False
2021-04-18 15:11:09,799 INFO Starting Tornado server on port 3306 force_https False
2021-04-18 15:13:25,999 INFO Starting Tornado server on port 3306 force_https False
2021-04-18 15:17:33,225 INFO Starting Tornado server on port 3306 force_https False
2021-04-18 15:21:19,549 INFO Starting Tornado server on port 3306 force_https False
2021-04-18 15:22:08,488 INFO Starting Tornado server on port 3306 force_https False
2021-04-18 15:22:13,665 INFO Starting Tornado server on port 3306 force_https False
2021-04-18 15:27:16,687 INFO Starting Tornado server on port 3306 force_https False
2021-04-18 15:27:18,797 INFO Starting Tornado server on port 3306 force_https False
2021-04-18 15:53:05,937 INFO Starting Tornado server on port 3306 force_https False
2021-04-18 16:06:09,967 INFO Starting Tornado server on port 3306 force_https False
2021-04-18 18:02:41,350 INFO Starting Tornado server on port 3306 force_https False
2021-04-18 18:02:44,534 INFO Starting Tornado server on port 3306 force_https False
2021-04-18 18:02:56,042 INFO Starting Tornado server on port 3306 force_https False
2021-04-18 18:03:38,321 INFO Starting Tornado server on port 3306 force_https False
2021-04-18 18:05:10,267 INFO Starting Tornado server on port 3306 force_https False
2021-04-18 18:05:16,037 INFO Starting Tornado server on port 3306 force_https False
2021-04-18 18:05:36,569 INFO Starting Tornado server on port 3306 force_https True
2021-04-18 18:07:18,788 INFO Starting Tornado server on port 3306 force_https True
2021-04-18 18:08:39,649 INFO Starting Tornado server on port 3306 force_https True
2021-04-18 18:14:07,501 INFO Starting Tornado server on port 3306 force_https True
2021-04-18 18:14:25,356 INFO Starting Tornado server on port 3306 force_https True
2021-04-18 18:16:24,497 INFO Starting Tornado server on port 3306 force_https True
2021-04-18 18:18:46,248 INFO Starting Tornado server on port 3306 force_https True
2021-04-18 18:19:56,100 INFO Starting Tornado server on port 3306 force_https True
2021-04-18 18:26:27,469 INFO Starting Tornado server on port 3306 force_https True
2021-04-18 18:26:53,320 INFO Starting Tornado server on port 3306 force_https True
2021-04-18 18:28:26,698 INFO Starting Tornado server on port 3306 force_https True
2021-04-18 18:29:30,302 INFO Starting Tornado server on port 3306 force_https True
2021-04-18 18:29:58,724 INFO Starting Tornado server on port 3306 force_https True
2021-04-19 11:59:17,580 INFO Starting Tornado server on port 3306 force_https False
2021-04-19 11:59:43,047 INFO Starting Tornado server on port 5009 force_https False
2021-04-19 12:01:08,536 INFO Starting Tornado server on port 5000 force_https False
2021-04-19 12:02:39,276 INFO Starting Tornado server on port 5009 force_https False
2021-04-21 11:21:01,270 INFO Starting Tornado server on port 5009 force_https False
2021-04-21 11:27:54,331 INFO Starting Tornado server on port 5009 force_https False
2021-04-21 11:28:26,129 INFO Starting Tornado server on port 5009 force_https False
2021-04-21 11:36:27,528 INFO Starting Tornado server on port 5009 force_https False
2021-04-21 11:37:13,123 INFO Starting Tornado server on port 5009 force_https False
2021-04-21 11:38:15,199 INFO Starting Tornado server on port 5009 force_https False
2021-04-21 11:39:20,901 INFO Starting Tornado server on port 5009 force_https False
2021-04-21 11:39:48,345 INFO Starting Tornado server on port 5009 force_https False
2021-04-21 11:40:16,266 INFO Starting Tornado server on port 5009 force_https False
2021-04-21 11:41:12,958 INFO Starting Tornado server on port 5009 force_https False
2021-04-21 11:50:08,651 INFO Starting Tornado server on port 5009 force_https False
2021-04-21 11:52:21,376 INFO Starting Tornado server on port 5009 force_https False
2021-04-21 11:57:26,785 INFO Starting Tornado server on port 5009 force_https False
2021-04-21 11:58:35,402 INFO Starting Tornado server on port 5009 force_https False
2021-04-21 11:59:49,641 INFO Starting Tornado server on port 5009 force_https False
2021-04-21 12:00:25,879 INFO Starting Tornado server on port 5009 force_https False
2021-04-21 12:13:03,196 INFO Starting Tornado server on port 5009 force_https False
2021-04-21 12:14:07,937 INFO Starting Tornado server on port 5009 force_https False
2021-04-21 12:15:12,309 INFO Starting Tornado server on port 5009 force_https False
2021-04-21 12:15:35,325 INFO Starting Tornado server on port 5009 force_https False
2021-04-21 12:16:26,394 INFO Starting Tornado server on port 5009 force_https False
2021-04-21 12:16:34,723 INFO Starting Tornado server on port 5009 force_https False
2021-04-21 12:18:44,500 INFO Starting Tornado server on port 5009 force_https False
2021-04-21 12:22:19,351 INFO Starting Tornado server on port 5009 force_https False
2021-04-21 12:22:42,971 INFO Starting Tornado server on port 5009 force_https False
2021-04-21 12:23:44,801 INFO Starting Tornado server on port 5009 force_https False
2021-04-21 12:26:12,630 INFO Starting Tornado server on port 5009 force_https False
2021-04-21 12:27:11,476 INFO Starting Tornado server on port 5009 force_https False
2021-04-21 12:28:23,054 INFO Starting Tornado server on port 5009 force_https False
2021-04-21 12:45:03,757 INFO Starting Tornado server on port 5009 force_https False
2021-04-21 12:47:06,630 INFO Starting Tornado server on port 5009 force_https False
2021-04-21 12:59:03,258 INFO Starting Tornado server on port 5009 force_https False
2021-04-21 13:00:38,158 INFO Starting Tornado server on port 5009 force_https False
2021-04-21 13:05:40,868 INFO Starting Tornado server on port 5009 force_https False
2021-04-21 13:08:20,875 INFO Starting Tornado server on port 5009 force_https False
2021-04-21 13:08:47,659 INFO Starting Tornado server on port 5009 force_https False
2021-04-21 13:09:16,550 INFO Starting Tornado server on port 5009 force_https False
2021-04-21 13:30:25,654 INFO Starting Tornado server on port 5009 force_https False
2021-04-21 13:31:38,451 INFO Starting Tornado server on port 5009 force_https False
2021-04-21 13:33:49,810 INFO Starting Tornado server on port 5009 force_https False
2021-04-21 13:34:40,496 INFO Starting Tornado server on port 5009 force_https False
2021-04-21 13:36:08,291 INFO Starting Tornado server on port 5009 force_https False
2021-04-21 13:38:59,035 INFO Starting Tornado server on port 5009 force_https False
2021-04-21 14:03:25,391 INFO Starting Tornado server on port 5009 force_https False
2021-04-21 14:05:54,782 INFO Starting Tornado server on port 5009 force_https False
2021-04-21 14:12:04,617 INFO Starting Tornado server on port 5009 force_https False
2021-04-21 14:15:37,649 INFO Starting Tornado server on port 5009 force_https False
2021-04-21 14:21:41,850 INFO Starting Tornado server on port 5009 force_https False
2021-04-21 14:28:35,466 INFO Starting Tornado server on port 5009 force_https False
2021-04-21 14:29:49,470 INFO Starting Tornado server on port 5009 force_https False
2021-04-21 14:46:07,306 INFO Starting Tornado server on port 5009 force_https False
2021-04-21 15:05:25,163 INFO Starting Tornado server on port 5009 force_https False
2021-04-21 15:10:22,712 INFO Starting Tornado server on port 5009 force_https False
2021-04-21 15:17:00,826 INFO Starting Tornado server on port 5009 force_https False
2021-04-21 15:25:09,179 INFO Starting Tornado server on port 5009 force_https False
2021-04-21 15:50:14,193 INFO Starting Tornado server on port 5009 force_https False
2021-04-21 15:52:55,366 INFO Starting Tornado server on port 5009 force_https False
2021-04-21 16:04:25,498 INFO Starting Tornado server on port 5009 force_https False
2021-04-21 16:10:46,187 INFO Starting Tornado server on port 5009 force_https False
2021-04-21 16:13:13,820 INFO Record not found: http://localhost:5009/web_list_project_and_task_in_project
2021-04-21 16:13:26,730 INFO Record not found: http://localhost:5009/web_list_project_and_task_in_project
2021-04-21 16:14:42,565 INFO Starting Tornado server on port 5009 force_https False
2021-04-21 16:30:22,509 INFO Starting Tornado server on port 5009 force_https False
2021-04-21 16:31:40,918 INFO Starting Tornado server on port 5009 force_https False
2021-04-21 16:54:19,390 INFO Starting Tornado server on port 5009 force_https False
2021-04-21 17:00:20,543 INFO Starting Tornado server on port 5009 force_https False
2021-04-21 17:02:52,755 INFO Starting Tornado server on port 5009 force_https False
2021-04-21 17:03:22,158 INFO Starting Tornado server on port 5009 force_https False
2021-04-21 17:03:49,907 INFO Starting Tornado server on port 5009 force_https False
2021-04-21 17:04:43,979 INFO Starting Tornado server on port 5009 force_https False
2021-04-21 17:05:08,564 INFO Starting Tornado server on port 5009 force_https False
2021-04-21 17:07:40,136 INFO Starting Tornado server on port 5009 force_https False
2021-04-21 17:09:56,484 INFO Starting Tornado server on port 5009 force_https False
2021-04-21 17:12:22,823 INFO Starting Tornado server on port 5009 force_https False
2021-04-21 17:13:46,686 INFO Starting Tornado server on port 5009 force_https False
2021-04-21 17:15:11,919 INFO Starting Tornado server on port 5009 force_https False
2021-04-21 17:16:09,893 INFO Starting Tornado server on port 5009 force_https False
2021-04-21 17:17:09,305 INFO Starting Tornado server on port 5009 force_https False
2021-04-21 17:21:24,230 INFO Starting Tornado server on port 5009 force_https False
2021-04-21 19:14:55,197 INFO Starting Tornado server on port 5009 force_https True
2021-04-21 19:18:33,199 INFO Starting Tornado server on port 5009 force_https True
2021-04-21 19:19:28,673 INFO Starting Tornado server on port 5009 force_https True
2021-04-21 19:22:12,913 INFO Starting Tornado server on port 5009 force_https False
2021-04-21 19:22:54,695 INFO Starting Tornado server on port 5009 force_https False
2021-04-21 19:23:00,835 INFO Starting Tornado server on port 5009 force_https False
2021-04-21 19:23:06,757 INFO Starting Tornado server on port 5009 force_https False
2021-04-21 19:24:29,201 INFO Starting Tornado server on port 5009 force_https False
2021-04-21 19:25:52,691 INFO Starting Tornado server on port 5009 force_https False
2021-04-27 13:04:09,981 INFO Starting Tornado server on port 5009 force_https False
2021-04-27 13:12:59,909 INFO Record not found: http://localhost:5009/
2021-04-27 13:12:59,975 INFO Record not found: http://localhost:5009/favicon.ico
2021-04-27 13:14:30,077 INFO Starting Tornado server on port 5009 force_https False
2021-04-27 13:33:06,347 INFO Starting Tornado server on port 5009 force_https False
2021-04-27 14:36:49,468 INFO Record not found: http://localhost:5009/empCheckin
2021-04-27 14:36:57,623 INFO Record not found: http://localhost:5009/empCheckin
2021-04-27 14:38:56,995 INFO Record not found: http://localhost:5009/empCheckin
2021-04-27 14:48:19,105 INFO Starting Tornado server on port 5009 force_https False
2021-04-27 14:57:07,346 INFO Record not found: http://localhost:5009/empCheckin
2021-04-27 14:58:33,830 INFO Record not found: http://localhost:5009/empCheckin
2021-04-27 14:58:33,887 INFO Record not found: http://localhost:5009/favicon.ico
2021-04-27 17:22:27,667 INFO Starting Tornado server on port 5009 force_https False
2021-04-27 19:53:34,833 INFO Record not found: http://localhost:5009/auth?undefined
2021-04-27 19:53:34,980 INFO Record not found: http://localhost:5009/empCheckin
2021-04-27 19:53:34,983 INFO Record not found: http://localhost:5009/info_tin_tuc
2021-04-27 19:53:34,985 INFO Record not found: http://localhost:5009/empCheckin
2021-04-27 19:53:43,315 INFO Record not found: http://localhost:5009/login
2021-04-27 19:53:43,384 INFO Record not found: http://localhost:5009/favicon.ico
2021-04-27 19:53:52,301 INFO Record not found: http://localhost:5009/empCheckin
2021-04-27 19:53:52,306 INFO Record not found: http://localhost:5009/auth?undefined
2021-04-27 19:53:52,309 INFO Record not found: http://localhost:5009/info_tin_tuc
2021-04-27 19:53:52,314 INFO Record not found: http://localhost:5009/empCheckin
2021-04-27 19:55:24,282 INFO Record not found: http://localhost:5009/auth?undefined
2021-04-27 19:55:24,286 INFO Record not found: http://localhost:5009/empCheckin
2021-04-27 19:55:24,288 INFO Record not found: http://localhost:5009/info_tin_tuc
2021-04-27 19:55:24,292 INFO Record not found: http://localhost:5009/empCheckin
2021-04-27 19:55:27,169 INFO Record not found: http://localhost:5009/empCheckin
2021-04-27 19:56:01,232 INFO Record not found: http://localhost:5009/auth?undefined
2021-04-27 19:56:01,236 INFO Record not found: http://localhost:5009/empCheckin
2021-04-27 19:56:01,239 INFO Record not found: http://localhost:5009/info_tin_tuc
2021-04-27 19:56:01,246 INFO Record not found: http://localhost:5009/empCheckin
2021-04-27 19:59:09,074 INFO Record not found: http://localhost:5009/auth?undefined
2021-04-27 19:59:09,076 INFO Record not found: http://localhost:5009/empCheckin
2021-04-27 19:59:09,079 INFO Record not found: http://localhost:5009/info_tin_tuc
2021-04-27 19:59:09,082 INFO Record not found: http://localhost:5009/empCheckin
2021-04-27 20:01:57,329 INFO Record not found: http://localhost:5009/check_user_right_checkin
2021-04-27 20:01:57,749 INFO Record not found: http://localhost:5009/check_user_right_checkin
2021-04-27 20:02:28,930 INFO Record not found: http://localhost:5009/check_user_right_checkin
2021-04-27 20:02:29,383 INFO Record not found: http://localhost:5009/check_user_right_checkin
2021-04-27 20:27:24,411 INFO Record not found: http://localhost:5009/check_user_right_checkin
2021-04-27 20:27:24,776 INFO Record not found: http://localhost:5009/check_user_right_checkin
2021-04-27 20:28:38,427 INFO Record not found: http://localhost:5009/check_user_right_checkin
2021-04-27 20:28:38,886 INFO Record not found: http://localhost:5009/check_user_right_checkin
2021-04-27 20:29:39,101 INFO Record not found: http://localhost:5009/check_user_right_checkin
2021-04-27 20:29:39,345 INFO Record not found: http://localhost:5009/check_user_right_checkin
2021-04-27 20:30:00,895 INFO Record not found: http://localhost:5009/check_user_right_checkin
2021-04-27 20:30:01,436 INFO Record not found: http://localhost:5009/check_user_right_checkin
2021-04-27 21:03:45,730 INFO Starting Tornado server on port 5009 force_https False
2021-04-27 21:04:35,196 INFO Starting Tornado server on port 5009 force_https False
2021-04-27 21:06:55,889 INFO Starting Tornado server on port 5009 force_https False
2021-04-27 21:08:40,398 INFO Starting Tornado server on port 5009 force_https False
2021-04-27 21:09:47,887 INFO Starting Tornado server on port 5009 force_https False
2021-04-27 21:10:55,597 INFO Record not found: http://localhost:5009/auth?undefined
2021-04-27 21:10:55,599 INFO Record not found: http://localhost:5009/empCheckin
2021-04-27 21:10:55,613 INFO Record not found: http://localhost:5009/info_tin_tuc
2021-04-27 21:10:55,618 INFO Record not found: http://localhost:5009/empCheckin
2021-04-28 08:40:59,684 INFO Record not found: http://localhost:5009/auth?undefined
2021-04-28 08:41:07,559 INFO Record not found: http://localhost:5009/auth?undefined
2021-04-28 08:41:25,176 INFO Record not found: http://localhost:5009/auth?undefined
2021-04-28 08:42:03,408 INFO Record not found: http://localhost:5009/empCheckin
2021-04-28 08:42:06,113 INFO Record not found: http://localhost:5009/auth?undefined
2021-04-28 08:42:06,847 INFO Record not found: http://localhost:5009/empCheckin
2021-04-28 08:42:10,414 INFO Record not found: http://localhost:5009/auth?undefined
2021-04-28 08:44:12,987 INFO Record not found: http://localhost:5009/auth?undefined
2021-04-28 08:44:15,070 INFO Record not found: http://localhost:5009/auth?undefined
2021-04-28 08:52:09,014 INFO Record not found: http://localhost:5009/auth?undefined
2021-04-28 08:52:40,884 INFO Record not found: http://localhost:5009/empCheckin
2021-04-28 10:09:31,122 INFO Starting Tornado server on port 5009 force_https False
2021-04-28 10:23:11,601 INFO Record not found: http://localhost:5009/auth?undefined
2021-04-28 11:13:50,036 INFO Starting Tornado server on port 5009 force_https False
2021-04-28 11:23:36,276 INFO Record not found: http://localhost:5009/auth?undefined
2021-04-28 11:44:58,356 INFO Record not found: http://localhost:5009/auth?undefined
2021-04-28 12:46:32,881 INFO Record not found: http://localhost:5009/auth?undefined
2021-04-28 13:51:53,862 INFO Record not found: http://localhost:5009/auth?undefined
2021-04-28 19:07:10,879 INFO Record not found: http://localhost:5009/auth?undefined
2021-04-28 19:19:55,199 INFO Record not found: http://localhost:5009/login
2021-04-28 19:19:55,377 INFO Record not found: http://localhost:5009/favicon.ico
2021-04-28 19:45:06,499 INFO Starting Tornado server on port 5009 force_https False
2021-04-28 19:54:13,767 INFO Starting Tornado server on port 5009 force_https False
2021-04-28 20:45:11,603 INFO Starting Tornado server on port 5009 force_https False
2021-04-28 20:46:28,816 INFO Starting Tornado server on port 5009 force_https False
2021-04-28 20:47:04,494 INFO Error api_login: object of type 'int' has no len()
2021-04-28 20:47:04,495 INFO Record not found: http://localhost:5009/login
2021-04-28 20:47:32,490 INFO Starting Tornado server on port 5009 force_https False
2021-04-28 20:48:21,505 INFO Starting Tornado server on port 5009 force_https False
2021-04-28 20:48:53,048 INFO Starting Tornado server on port 5009 force_https False
2021-04-28 20:57:11,646 INFO Starting Tornado server on port 5009 force_https False
2021-04-28 21:19:42,286 INFO Starting Tornado server on port 5009 force_https False
2021-04-28 21:21:08,308 INFO Starting Tornado server on port 5009 force_https False
2021-04-28 21:22:11,423 INFO Starting Tornado server on port 5009 force_https False
2021-04-29 08:44:09,618 INFO Starting Tornado server on port 5009 force_https False
2021-04-29 08:53:17,739 INFO Starting Tornado server on port 5009 force_https False
2021-04-29 09:00:08,293 INFO Record not found: http://localhost:5009/web_view_kanban
2021-04-29 09:01:09,954 INFO Record not found: http://localhost:5009/web_view_kanban
2021-04-29 09:01:15,637 INFO Record not found: http://localhost:5009/web_view_kanban
2021-04-29 09:07:11,409 INFO Starting Tornado server on port 5009 force_https False
2021-04-29 09:12:09,184 INFO Starting Tornado server on port 5009 force_https False
2021-04-29 09:14:53,652 INFO Starting Tornado server on port 5009 force_https False
2021-04-29 09:22:07,635 INFO Starting Tornado server on port 5009 force_https False
2021-04-29 09:24:48,609 INFO Starting Tornado server on port 5009 force_https False
2021-04-29 09:27:28,977 INFO Starting Tornado server on port 5009 force_https False
2021-04-29 09:47:18,544 INFO Record not found: http://192.168.10.106:5009/
2021-05-04 19:24:05,071 INFO Starting Tornado server on port 5009 force_https False
2021-05-04 19:24:12,429 INFO Record not found: http://localhost:5009/auth?undefined
2021-05-04 19:27:15,473 INFO Record not found: http://localhost:5009/auth?undefined
2021-05-04 19:36:02,059 INFO Record not found: http://localhost:5009/auth?undefined
2021-05-04 19:36:46,094 INFO Record not found: http://localhost:5009/auth?undefined
2021-05-04 19:37:59,653 INFO Record not found: http://localhost:5009/auth?undefined
2021-05-04 19:39:52,817 INFO Record not found: http://localhost:5009/
2021-05-04 19:39:52,902 INFO Record not found: http://localhost:5009/favicon.ico
2021-05-04 20:16:14,169 INFO Record not found: http://localhost:5009/auth?undefined
2021-05-04 20:45:01,375 INFO Record not found: http://localhost:5009/auth?undefined
2021-05-04 20:54:30,995 INFO Record not found: http://localhost:5009/auth?undefined
2021-05-04 20:56:13,418 INFO Record not found: http://localhost:5009/auth?undefined
2021-05-04 23:31:41,004 INFO Record not found: http://localhost:5009/empCheckin
2021-05-05 20:19:28,184 INFO Record not found: http://localhost:5009/empCheckin
2021-05-05 20:19:55,776 INFO Record not found: http://localhost:5009/empCheckin
2021-05-08 18:50:27,728 INFO Starting Tornado server on port 5009 force_https False
2021-05-09 00:37:53,924 INFO Starting Tornado server on port 5009 force_https False
2021-05-09 15:03:09,076 INFO Starting Tornado server on port 5009 force_https False
2021-05-09 15:07:27,761 INFO Starting Tornado server on port 5009 force_https False
2021-05-09 15:17:06,403 INFO Starting Tornado server on port 5009 force_https False
2021-05-09 15:19:12,789 INFO Starting Tornado server on port 5009 force_https False
2021-05-09 15:19:47,095 INFO Starting Tornado server on port 5009 force_https False
2021-05-09 15:20:15,356 INFO Starting Tornado server on port 5009 force_https False
2021-05-09 15:20:50,028 INFO Starting Tornado server on port 5009 force_https False
2021-05-09 15:22:04,793 INFO Starting Tornado server on port 5009 force_https False
2021-05-09 15:22:31,914 INFO Starting Tornado server on port 5009 force_https False
2021-05-09 15:23:46,127 INFO Starting Tornado server on port 5009 force_https False
2021-05-09 15:25:47,767 INFO Starting Tornado server on port 5009 force_https False
2021-05-09 15:26:26,735 INFO Starting Tornado server on port 5009 force_https False
2021-05-09 15:28:23,681 INFO Starting Tornado server on port 5009 force_https False
2021-05-09 16:06:30,103 INFO Starting Tornado server on port 5009 force_https False
2021-05-09 16:09:57,916 INFO Starting Tornado server on port 5009 force_https False
2021-05-09 16:12:33,351 INFO Starting Tornado server on port 5009 force_https False
2021-05-09 16:14:59,732 INFO Starting Tornado server on port 5009 force_https False
2021-05-09 16:15:25,449 INFO Starting Tornado server on port 5009 force_https False
2021-05-09 16:20:17,516 INFO Starting Tornado server on port 5009 force_https False
2021-05-09 16:23:14,458 INFO Starting Tornado server on port 5009 force_https False
2021-05-09 16:26:29,086 INFO Starting Tornado server on port 5009 force_https False
2021-05-09 16:26:57,248 INFO Starting Tornado server on port 5009 force_https False
2021-05-09 16:26:58,035 INFO Record not found: http://localhost:5009/check_noti
2021-05-09 16:28:11,874 INFO Starting Tornado server on port 5009 force_https False
2021-05-09 16:28:12,498 INFO Record not found: http://localhost:5009/check_noti
2021-05-09 16:28:33,102 INFO Record not found: http://localhost:5009/check_noti
2021-05-09 16:30:22,344 INFO Starting Tornado server on port 5009 force_https False
2021-05-09 16:36:05,874 INFO Starting Tornado server on port 5009 force_https False
2021-05-09 16:42:40,045 INFO Starting Tornado server on port 5009 force_https False
2021-05-09 17:08:10,428 INFO Starting Tornado server on port 5009 force_https False
2021-05-09 17:08:52,913 INFO Starting Tornado server on port 5009 force_https False
2021-05-09 17:09:05,759 INFO Record not found: http://localhost:5009/update_noti
2021-05-09 17:14:12,516 INFO Starting Tornado server on port 5009 force_https False
2021-05-09 17:14:14,528 INFO Record not found: http://localhost:5009/update_noti
2021-05-09 17:15:33,546 INFO Starting Tornado server on port 5009 force_https False
2021-05-09 17:15:34,630 INFO Record not found: http://localhost:5009/update_noti
2021-05-09 17:15:57,242 INFO Starting Tornado server on port 5009 force_https False
2021-05-09 17:17:33,081 INFO Starting Tornado server on port 5009 force_https False
2021-05-09 17:18:05,815 INFO Starting Tornado server on port 5009 force_https False
2021-05-09 17:19:10,771 INFO Starting Tornado server on port 5009 force_https False
2021-05-09 17:20:41,282 INFO Starting Tornado server on port 5009 force_https False
2021-05-09 17:21:30,540 INFO Starting Tornado server on port 5009 force_https False
2021-05-09 17:21:44,166 INFO Starting Tornado server on port 5009 force_https False
2021-05-09 18:01:12,434 INFO Starting Tornado server on port 5009 force_https False
2021-05-09 18:01:39,277 INFO Error api_login: local variable 'dict_info' referenced before assignment
2021-05-09 18:01:39,278 INFO Record not found: http://localhost:5009/login
2021-05-09 18:02:18,921 INFO Error api_login: local variable 'dict_info' referenced before assignment
2021-05-09 18:02:18,922 INFO Record not found: http://localhost:5009/login
2021-05-09 18:02:24,844 INFO Starting Tornado server on port 5009 force_https False
2021-05-09 18:02:34,498 INFO Error api_login: local variable 'dict_info' referenced before assignment
2021-05-09 18:02:34,499 INFO Record not found: http://localhost:5009/login
2021-05-09 18:10:57,852 INFO Starting Tornado server on port 5009 force_https False
2021-05-09 18:12:34,259 INFO Starting Tornado server on port 5009 force_https False
2021-05-09 18:13:43,913 INFO Starting Tornado server on port 5009 force_https False
2021-05-09 18:14:28,542 INFO Starting Tornado server on port 5009 force_https False
2021-05-09 18:17:09,482 INFO Starting Tornado server on port 5009 force_https False
2021-05-09 18:18:08,534 INFO Starting Tornado server on port 5009 force_https False
2021-05-09 18:39:29,765 INFO Starting Tornado server on port 5009 force_https False
2021-05-09 18:42:29,523 INFO Starting Tornado server on port 5009 force_https False
2021-05-09 18:43:11,745 INFO Starting Tornado server on port 5009 force_https False
2021-05-09 18:52:21,551 INFO Record not found: http://localhost:5009/check_noti
2021-05-09 18:53:29,267 INFO Record not found: http://localhost:5009/check_noti
2021-05-10 14:09:39,893 INFO Starting Tornado server on port 5009 force_https False
2021-05-10 14:10:54,485 INFO Starting Tornado server on port 5009 force_https False
2021-05-10 14:15:51,426 INFO Starting Tornado server on port 5009 force_https False
2021-05-10 14:17:03,531 INFO Starting Tornado server on port 5009 force_https False
2021-05-10 14:17:34,839 INFO Starting Tornado server on port 5009 force_https False
2021-05-10 14:19:47,114 INFO Starting Tornado server on port 5009 force_https False
2021-05-10 14:21:16,620 INFO Starting Tornado server on port 5009 force_https False
2021-05-10 14:30:03,522 INFO Starting Tornado server on port 5009 force_https False
2021-05-10 16:02:53,283 INFO Record not found: http://localhost:5009/
2021-05-10 16:03:05,009 INFO Record not found: http://localhost:5009/
2021-05-10 16:03:34,658 INFO Record not found: http://localhost:5009/
2021-05-10 16:03:49,798 INFO Record not found: http://localhost:5009/
2021-05-10 16:07:37,612 INFO Record not found: http://localhost:5009/
2021-05-10 16:07:53,065 INFO Record not found: http://localhost:5009/
2021-05-10 16:11:03,049 INFO Record not found: http://localhost:5009/web_create_task%28%29
2021-05-10 16:11:27,205 INFO Record not found: http://localhost:5009/web_create_task
2021-05-10 16:13:28,322 INFO Record not found: http://localhost:5009/web_create_task
2021-05-10 16:13:44,616 INFO Record not found: http://localhost:5009/web_create_task
2021-05-10 16:39:52,925 INFO Starting Tornado server on port 5009 force_https False
2021-05-10 18:01:06,336 INFO Record not found: http://localhost:5009/web_list_id_task
2021-05-10 18:08:28,087 INFO Starting Tornado server on port 5009 force_https False
2021-05-10 18:10:46,438 INFO Starting Tornado server on port 5009 force_https False
2021-05-10 18:17:05,943 INFO Starting Tornado server on port 5009 force_https False
2021-05-10 18:18:54,967 INFO Starting Tornado server on port 5009 force_https False
2021-05-10 18:20:03,529 INFO Starting Tornado server on port 5009 force_https False
2021-05-10 19:36:18,677 INFO Starting Tornado server on port 5009 force_https False
2021-05-10 19:37:23,431 INFO Starting Tornado server on port 5009 force_https False
2021-05-10 19:38:32,675 INFO Starting Tornado server on port 5009 force_https False
2021-05-10 19:38:35,965 INFO Starting Tornado server on port 5009 force_https False
2021-05-10 19:39:13,791 INFO Starting Tornado server on port 5009 force_https False
2021-05-10 19:40:09,370 INFO Starting Tornado server on port 5009 force_https False
2021-05-10 19:40:38,742 INFO Starting Tornado server on port 5009 force_https False
2021-05-10 19:41:01,082 INFO Starting Tornado server on port 5009 force_https False
2021-05-10 19:42:15,645 INFO Starting Tornado server on port 5009 force_https False
2021-05-10 19:47:17,893 INFO Starting Tornado server on port 5009 force_https False
2021-05-10 19:49:29,475 INFO Starting Tornado server on port 5009 force_https False
2021-05-10 19:49:45,053 INFO Starting Tornado server on port 5009 force_https False
2021-05-10 19:51:47,171 INFO Starting Tornado server on port 5009 force_https False
2021-05-10 19:52:37,254 INFO Starting Tornado server on port 5009 force_https False
2021-05-10 19:56:14,992 INFO Starting Tornado server on port 5009 force_https False
2021-05-10 20:11:49,639 INFO Starting Tornado server on port 5009 force_https False
2021-05-10 20:12:42,936 INFO Starting Tornado server on port 5009 force_https False
2021-05-10 20:18:09,149 INFO Starting Tornado server on port 5009 force_https False
2021-05-10 20:18:20,626 INFO Starting Tornado server on port 5009 force_https False
2021-05-11 17:15:15,566 INFO Starting Tornado server on port 5009 force_https False
2021-05-11 17:46:02,046 INFO Starting Tornado server on port 5009 force_https False
2021-05-11 17:47:18,438 INFO Starting Tornado server on port 5009 force_https False
2021-05-11 17:51:06,363 INFO Starting Tornado server on port 5009 force_https False
2021-05-11 17:51:13,419 INFO Starting Tornado server on port 5009 force_https False
2021-05-20 19:36:22,467 INFO Starting Tornado server on port 5009 force_https False
2021-05-24 20:07:51,990 INFO Starting Tornado server on port 5009 force_https False
2021-05-24 20:12:12,159 INFO Starting Tornado server on port 5009 force_https False
2021-05-24 20:15:59,605 INFO Starting Tornado server on port 5009 force_https False
2021-05-24 20:20:51,182 INFO Starting Tornado server on port 5009 force_https False
2021-05-24 20:26:37,684 INFO Starting Tornado server on port 5009 force_https False
2021-05-24 20:28:45,425 INFO Starting Tornado server on port 5009 force_https False
2021-05-24 20:34:56,811 INFO Starting Tornado server on port 5009 force_https False
2021-05-24 20:35:50,663 INFO Starting Tornado server on port 5009 force_https False
2021-05-24 20:36:42,864 INFO Starting Tornado server on port 5009 force_https False
2021-05-24 20:40:30,340 INFO Starting Tornado server on port 5009 force_https False
2021-05-24 20:42:17,789 INFO Starting Tornado server on port 5009 force_https False
2021-05-24 20:44:35,219 INFO Starting Tornado server on port 5009 force_https False
2021-05-24 20:45:00,179 INFO Starting Tornado server on port 5009 force_https False
2021-05-24 20:45:19,415 INFO Starting Tornado server on port 5009 force_https False
2021-05-24 20:50:50,340 INFO Starting Tornado server on port 5009 force_https False
2021-05-24 20:52:29,255 INFO Starting Tornado server on port 5009 force_https False
2021-05-24 20:52:57,077 INFO Starting Tornado server on port 5009 force_https False
2021-05-24 20:53:45,430 INFO Starting Tornado server on port 5009 force_https False
2021-05-24 20:54:05,626 INFO Starting Tornado server on port 5009 force_https False
2021-05-24 21:02:13,179 INFO Starting Tornado server on port 5009 force_https False
2021-05-24 21:04:16,473 INFO Starting Tornado server on port 5009 force_https False
2021-05-24 21:05:22,355 INFO Starting Tornado server on port 5009 force_https False
2021-05-24 21:08:55,709 INFO Starting Tornado server on port 5009 force_https False
2021-05-24 21:11:18,133 INFO Starting Tornado server on port 5009 force_https False
2021-05-24 21:14:26,224 INFO Starting Tornado server on port 5009 force_https False
2021-05-24 21:14:53,370 INFO Starting Tornado server on port 5009 force_https False
2021-05-24 21:15:10,463 INFO Starting Tornado server on port 5009 force_https False
2021-05-24 21:16:04,888 INFO Starting Tornado server on port 5009 force_https False
2021-05-24 21:17:33,488 INFO Starting Tornado server on port 5009 force_https False
2021-05-24 21:43:55,754 INFO Starting Tornado server on port 5009 force_https False
2021-05-24 21:45:34,834 INFO Starting Tornado server on port 5009 force_https False
2021-05-26 18:48:49,312 INFO Starting Tornado server on port 5009 force_https False
2021-05-26 18:54:45,603 INFO Starting Tornado server on port 5009 force_https False
2021-05-26 19:04:49,491 INFO Starting Tornado server on port 5009 force_https False
2021-05-26 19:25:17,133 INFO Starting Tornado server on port 5009 force_https False
2021-05-26 19:25:35,274 INFO Record not found: http://localhost:5009/web_create_task
2021-05-26 19:26:47,778 INFO Starting Tornado server on port 5009 force_https False
2021-05-26 19:37:09,880 INFO Starting Tornado server on port 5009 force_https False
2021-05-26 19:55:59,519 INFO Starting Tornado server on port 5009 force_https False
2021-05-26 19:57:17,973 INFO Record not found: http://localhost:5009/web_create_task
2021-05-26 19:58:23,381 INFO Starting Tornado server on port 5009 force_https False
2021-05-26 19:58:46,068 INFO Record not found: http://localhost:5009/web_create_task
2021-05-26 19:59:15,141 INFO Starting Tornado server on port 5009 force_https False
2021-05-26 20:02:18,072 INFO Starting Tornado server on port 5009 force_https False
2021-05-26 20:07:58,164 INFO Starting Tornado server on port 5009 force_https False
2021-05-26 20:09:43,087 INFO Starting Tornado server on port 5009 force_https False
2021-05-26 20:13:04,089 INFO Starting Tornado server on port 5009 force_https False
2021-05-26 20:16:08,192 INFO Starting Tornado server on port 5009 force_https False
2021-05-26 20:17:30,629 INFO Starting Tornado server on port 5009 force_https False
2021-05-26 20:18:43,704 INFO Starting Tornado server on port 5009 force_https False
2021-05-26 20:20:20,177 INFO Starting Tornado server on port 5009 force_https False
2021-05-26 20:21:37,311 INFO Starting Tornado server on port 5009 force_https False
2021-05-26 20:23:08,495 INFO Starting Tornado server on port 5009 force_https False
2021-05-26 20:24:31,136 INFO Starting Tornado server on port 5009 force_https False
2021-05-26 20:26:19,600 INFO Starting Tornado server on port 5009 force_https False
2021-05-26 20:29:14,497 INFO Starting Tornado server on port 5009 force_https False
2021-05-26 20:29:57,108 INFO Starting Tornado server on port 5009 force_https False
2021-05-26 20:32:51,570 INFO Starting Tornado server on port 5009 force_https False
2021-05-26 20:34:58,101 INFO Starting Tornado server on port 5009 force_https False
2021-05-26 20:40:28,444 INFO Starting Tornado server on port 5009 force_https False
2021-05-26 20:50:00,297 INFO Starting Tornado server on port 5009 force_https False
2021-05-26 20:53:41,747 INFO Starting Tornado server on port 5009 force_https False
2021-05-26 20:55:43,354 INFO Starting Tornado server on port 5009 force_https False
2021-05-26 20:57:23,455 INFO Starting Tornado server on port 5009 force_https False
2021-05-26 21:01:15,508 INFO Starting Tornado server on port 5009 force_https False
2021-05-26 21:04:11,413 INFO Starting Tornado server on port 5009 force_https False
2021-05-26 21:05:34,234 INFO Starting Tornado server on port 5009 force_https False
2021-05-26 21:07:42,455 INFO Starting Tornado server on port 5009 force_https False
2021-05-26 21:09:48,553 INFO Starting Tornado server on port 5009 force_https False
2021-05-26 21:15:15,792 INFO Starting Tornado server on port 5009 force_https False
2021-05-29 22:48:47,008 INFO Starting Tornado server on port 5009 force_https False
2021-06-06 22:08:29,744 INFO Starting Tornado server on port 5009 force_https False
2021-06-07 07:35:31,441 INFO Starting Tornado server on port 5009 force_https False
2021-06-07 08:29:34,057 INFO Starting Tornado server on port 5009 force_https False
2021-06-11 01:53:57,943 INFO Starting Tornado server on port 5009 force_https False
2021-06-11 06:12:54,589 INFO Starting Tornado server on port 5009 force_https False
2021-07-24 01:00:32,894 INFO Starting Tornado server on port 5009 force_https False
2021-07-24 01:06:23,874 INFO Starting Tornado server on port 5009 force_https False
2021-07-24 01:07:07,342 INFO Starting Tornado server on port 5009 force_https False
2021-07-24 01:09:10,151 INFO Starting Tornado server on port 5009 force_https False
2021-07-24 01:10:35,955 INFO Starting Tornado server on port 5009 force_https False
2021-07-24 01:12:20,066 INFO Starting Tornado server on port 5009 force_https False
2021-07-24 01:13:18,934 INFO Starting Tornado server on port 5009 force_https False
2021-07-24 01:17:33,683 INFO Starting Tornado server on port 5009 force_https False
2021-07-24 01:18:46,364 INFO Starting Tornado server on port 5009 force_https False
2021-07-24 01:21:03,542 INFO Starting Tornado server on port 5009 force_https False
2021-07-24 01:21:13,173 INFO Starting Tornado server on port 5009 force_https False
2021-07-24 01:22:28,380 INFO Starting Tornado server on port 5009 force_https False
2021-07-24 08:33:13,922 INFO Starting Tornado server on port 5009 force_https False
2021-07-24 08:38:54,317 INFO Starting Tornado server on port 5009 force_https False
2021-07-24 09:45:52,811 INFO Starting Tornado server on port 5009 force_https False
